------ Build started: Project: Simann, Configuration: Release Win32 ------
C:\Documents and Settings\Jim Bob\My Documents\Downloads\Walking_Simulation\Walking_Simulation\Simann\Simann.vcxproj : error MSB4014: The build stopped unexpectedly because of an internal failure.
C:\Documents and Settings\Jim Bob\My Documents\Downloads\Walking_Simulation\Walking_Simulation\Simann\Simann.vcxproj : error MSB4014: Microsoft.Build.Exceptions.BuildAbortedException: Build was canceled. MSBuild.exe could not be launched as a child node as it could not be found at the location "c:\WINDOWS\Microsoft.NET\Framework\v4.0.30319\MSBuild.exe". If necessary, specify the correct location in the BuildParameters, or with the MSBUILD_EXE_PATH environment variable.
C:\Documents and Settings\Jim Bob\My Documents\Downloads\Walking_Simulation\Walking_Simulation\Simann\Simann.vcxproj : error MSB4014:    at Microsoft.Build.BackEnd.NodeManager.AttemptCreateNode(INodeProvider nodeProvider, NodeConfiguration nodeConfiguration)
C:\Documents and Settings\Jim Bob\My Documents\Downloads\Walking_Simulation\Walking_Simulation\Simann\Simann.vcxproj : error MSB4014:    at Microsoft.Build.BackEnd.NodeManager.CreateNode(NodeConfiguration configuration, NodeAffinity nodeAffinity)
C:\Documents and Settings\Jim Bob\My Documents\Downloads\Walking_Simulation\Walking_Simulation\Simann\Simann.vcxproj : error MSB4014:    at Microsoft.Build.Execution.BuildManager.PerformSchedulingActions(IEnumerable`1 responses)
C:\Documents and Settings\Jim Bob\My Documents\Downloads\Walking_Simulation\Walking_Simulation\Simann\Simann.vcxproj : error MSB4014:    at Microsoft.Build.Execution.BuildManager.HandleNewRequest(Int32 node, BuildRequestBlocker blocker)
C:\Documents and Settings\Jim Bob\My Documents\Downloads\Walking_Simulation\Walking_Simulation\Simann\Simann.vcxproj : error MSB4014:    at Microsoft.Build.Execution.BuildManager.IssueRequestToScheduler(BuildSubmission submission, Boolean allowMainThreadBuild, BuildRequestBlocker blocker)
========== Build: 0 succeeded, 1 failed, 1 up-to-date, 0 skipped ==========
